Using pre-set license
Built from '2020.3/china_unity/release' branch; Version is '2020.3.6f1c1 (c884b0ebb9b3) revision 13141168'; Using compiler version '192528614'; Build Type 'Release'
OS: 'Windows 10 Home China; OS build 18363.1500; Version 1909; 64bit' Language: 'zh' Physical Memory: 8112 MB
BatchMode: 1, IsHumanControllingUs: 0, StartBugReporterOnCrash: 0, Is64bit: 1, IsPro: 0

 COMMAND LINE ARGUMENTS:
C:\Program Files\Unity\Hub\Editor\2020.3.6f1c1\Editor\Unity.exe
-adb2
-batchMode
-noUpm
-name
AssetImportWorker1
-projectPath
F:/Testttt/Fall-Guys/New Unity Project
-logFile
Logs/AssetImportWorker1.log
-srvPort
61418
Successfully changed project path to: F:/Testttt/Fall-Guys/New Unity Project
F:/Testttt/Fall-Guys/New Unity Project
Using Asset Import Pipeline V2.
Refreshing native plugins compatible for Editor in 52.66 ms, found 0 plugins.
Preloading 0 native plugins for Editor in 0.00 ms.
Initialize engine version: 2020.3.6f1c1 (c884b0ebb9b3)
[Subsystems] Discovering subsystems at path C:/Program Files/Unity/Hub/Editor/2020.3.6f1c1/Editor/Data/Resources/UnitySubsystems
[Subsystems] Discovering subsystems at path F:/Testttt/Fall-Guys/New Unity Project/Assets
GfxDevice: creating device client; threaded=0
Direct3D:
    Version:  Direct3D 11.0 [level 11.1]
    Renderer: NVIDIA GeForce GTX 1660 Ti (ID=0x2191)
    Vendor:   
    VRAM:     5991 MB
    Driver:   27.21.14.6627
Shader 'Universal Render Pipeline/Particles/Lit': fallback shader 'Universal Render Pipeline/Particles/SimpleLit' not found
Initialize mono
Mono path[0] = 'C:/Program Files/Unity/Hub/Editor/2020.3.6f1c1/Editor/Data/Managed'
Mono path[1] = 'C:/Program Files/Unity/Hub/Editor/2020.3.6f1c1/Editor/Data/MonoBleedingEdge/lib/mono/unityjit'
Mono config path = 'C:/Program Files/Unity/Hub/Editor/2020.3.6f1c1/Editor/Data/MonoBleedingEdge/etc'
Using monoOptions --debugger-agent=transport=dt_socket,embedding=1,server=y,suspend=n,address=127.0.0.1:56376
Begin MonoManager ReloadAssembly
Registering precompiled unity dll's ...
Register platform support module: C:/Program Files/Unity/Hub/Editor/2020.3.6f1c1/Editor/Data/PlaybackEngines/WindowsStandaloneSupport/UnityEditor.WindowsStandalone.Extensions.dll
Registered in 0.006003 seconds.
Native extension for WindowsStandalone target not found
Refreshing native plugins compatible for Editor in 57.00 ms, found 0 plugins.
Preloading 0 native plugins for Editor in 0.00 ms.
Unable to find bridge dll in registry for Microsoft Visual Studio Tools for Unity for C:/Program Files (x86)/Microsoft Visual Studio/2019/Community/Common7/IDE/devenv.exe
Mono: successfully reloaded assembly
- Completed reload, in  1.282 seconds
Platform modules already initialized, skipping
Registering precompiled user dll's ...
Registered in 0.001186 seconds.
Begin MonoManager ReloadAssembly
Native extension for WindowsStandalone target not found
Refreshing native plugins compatible for Editor in 55.33 ms, found 0 plugins.
Preloading 0 native plugins for Editor in 0.00 ms.
Unable to find bridge dll in registry for Microsoft Visual Studio Tools for Unity for C:/Program Files (x86)/Microsoft Visual Studio/2019/Community/Common7/IDE/devenv.exe
Mono: successfully reloaded assembly
- Completed reload, in  1.248 seconds
Platform modules already initialized, skipping
========================================================================
Worker process is ready to serve import requests
Shader 'Universal Render Pipeline/Particles/Lit': fallback shader 'Universal Render Pipeline/Particles/SimpleLit' not found
Launched and connected shader compiler UnityShaderCompiler.exe after 0.10 seconds
Refreshing native plugins compatible for Editor in 0.61 ms, found 0 plugins.
Preloading 0 native plugins for Editor in 0.00 ms.
Unloading 1836 Unused Serialized files (Serialized files now loaded: 0)
System memory in use before: 108.0 MB.
System memory in use after: 108.0 MB.

Unloading 6 unused Assets to reduce memory usage. Loaded Objects now: 2283.
Total: 1.837600 ms (FindLiveObjects: 0.150400 ms CreateObjectMapping: 0.050000 ms MarkObjects: 1.549800 ms  DeleteObjects: 0.086000 ms)

========================================================================
Received Import Request.
  path: Assets/Settings/Input/InputSystem.inputsettings.asset
  artifactKey: Guid(f6ba0de6d20c5ac4a9a1860695607bd8) Importer(815301076,1909f56bfc062723c751e8b465ee728b)
Start importing Assets/Settings/Input/InputSystem.inputsettings.asset using Guid(f6ba0de6d20c5ac4a9a1860695607bd8) Importer(815301076,1909f56bfc062723c751e8b465ee728b)  -> (artifact id: '15c36735c54cf70ed913059896cfe4c7') in 0.104939 seconds
  Import took 0.108621 seconds .

========================================================================
Received Import Request.
  Time since last request: 0.000417 seconds.
  path: Assets/Scenes/Play Game.unity
  artifactKey: Guid(2845bca9beabd9d46b8197978da07385) Importer(815301076,1909f56bfc062723c751e8b465ee728b)
Start importing Assets/Scenes/Play Game.unity using Guid(2845bca9beabd9d46b8197978da07385) Importer(815301076,1909f56bfc062723c751e8b465ee728b)  -> (artifact id: 'd19245f577eed4ea097f026339b2fe6b') in 0.005487 seconds
  Import took 0.008556 seconds .

========================================================================
Received Import Request.
  Time since last request: 0.000404 seconds.
  path: Assets/Scenes/Play Game
  artifactKey: Guid(3198c94358a890b4f9835e6b06560313) Importer(815301076,1909f56bfc062723c751e8b465ee728b)
Start importing Assets/Scenes/Play Game using Guid(3198c94358a890b4f9835e6b06560313) Importer(815301076,1909f56bfc062723c751e8b465ee728b)  -> (artifact id: 'd114840a5805694b3ddb4944e44d064c') in 0.005259 seconds
  Import took 0.008784 seconds .

========================================================================
Received Prepare
Shader 'Universal Render Pipeline/Particles/Lit': fallback shader 'Universal Render Pipeline/Particles/SimpleLit' not found
Refreshing native plugins compatible for Editor in 0.94 ms, found 0 plugins.
Preloading 0 native plugins for Editor in 0.00 ms.
Unloading 2 Unused Serialized files (Serialized files now loaded: 0)
System memory in use before: 66.3 MB.
System memory in use after: 66.4 MB.

Unloading 2 unused Assets to reduce memory usage. Loaded Objects now: 2283.
Total: 2.585400 ms (FindLiveObjects: 0.168000 ms CreateObjectMapping: 0.062500 ms MarkObjects: 2.284200 ms  DeleteObjects: 0.069400 ms)

========================================================================
Received Import Request.
  Time since last request: 116.297871 seconds.
  path: Assets/Scenes/Play Game/Play Game.unity
  artifactKey: Guid(2845bca9beabd9d46b8197978da07385) Importer(815301076,1909f56bfc062723c751e8b465ee728b)
Start importing Assets/Scenes/Play Game/Play Game.unity using Guid(2845bca9beabd9d46b8197978da07385) Importer(815301076,1909f56bfc062723c751e8b465ee728b)  -> (artifact id: 'e24b710b64504a0b1687837fa5f65569') in 0.015614 seconds
  Import took 0.019514 seconds .

AssetImportWorkerClient::OnTransportError - code=2 error=End of file
