Using pre-set license
Built from '2020.3/china_unity/release' branch; Version is '2020.3.6f1c1 (c884b0ebb9b3) revision 13141168'; Using compiler version '192528614'; Build Type 'Release'
OS: 'Windows 10 Home China; OS build 19043.1052; Version 2009; 64bit' Language: 'zh' Physical Memory: 15807 MB
BatchMode: 1, IsHumanControllingUs: 0, StartBugReporterOnCrash: 0, Is64bit: 1, IsPro: 0

 COMMAND LINE ARGUMENTS:
C:\Program Files\Unity\Hub\Editor\2020.3.6f1c1\Editor\Unity.exe
-adb2
-batchMode
-noUpm
-name
AssetImportWorker0
-projectPath
E:/Code/Unity/Fall-Guys/New Unity Project
-logFile
Logs/AssetImportWorker0.log
-srvPort
3088
Successfully changed project path to: E:/Code/Unity/Fall-Guys/New Unity Project
E:/Code/Unity/Fall-Guys/New Unity Project
Using Asset Import Pipeline V2.
Refreshing native plugins compatible for Editor in 86.67 ms, found 0 plugins.
Preloading 0 native plugins for Editor in 0.00 ms.
Initialize engine version: 2020.3.6f1c1 (c884b0ebb9b3)
[Subsystems] Discovering subsystems at path C:/Program Files/Unity/Hub/Editor/2020.3.6f1c1/Editor/Data/Resources/UnitySubsystems
[Subsystems] Discovering subsystems at path E:/Code/Unity/Fall-Guys/New Unity Project/Assets
GfxDevice: creating device client; threaded=0
Direct3D:
    Version:  Direct3D 11.0 [level 11.1]
    Renderer: NVIDIA GeForce GTX 1660 Ti (ID=0x2191)
    Vendor:   
    VRAM:     5991 MB
    Driver:   27.21.14.6589
Shader 'Universal Render Pipeline/Particles/Lit': fallback shader 'Universal Render Pipeline/Particles/SimpleLit' not found
Initialize mono
Mono path[0] = 'C:/Program Files/Unity/Hub/Editor/2020.3.6f1c1/Editor/Data/Managed'
Mono path[1] = 'C:/Program Files/Unity/Hub/Editor/2020.3.6f1c1/Editor/Data/MonoBleedingEdge/lib/mono/unityjit'
Mono config path = 'C:/Program Files/Unity/Hub/Editor/2020.3.6f1c1/Editor/Data/MonoBleedingEdge/etc'
Using monoOptions --debugger-agent=transport=dt_socket,embedding=1,server=y,suspend=n,address=127.0.0.1:56036
Begin MonoManager ReloadAssembly
Registering precompiled unity dll's ...
Register platform support module: C:/Program Files/Unity/Hub/Editor/2020.3.6f1c1/Editor/Data/PlaybackEngines/WindowsStandaloneSupport/UnityEditor.WindowsStandalone.Extensions.dll
Registered in 0.004677 seconds.
Native extension for WindowsStandalone target not found
Refreshing native plugins compatible for Editor in 109.35 ms, found 0 plugins.
Preloading 0 native plugins for Editor in 0.00 ms.
Mono: successfully reloaded assembly
- Completed reload, in  1.658 seconds
Platform modules already initialized, skipping
Registering precompiled user dll's ...
Registered in 0.005280 seconds.
Begin MonoManager ReloadAssembly
Native extension for WindowsStandalone target not found
Refreshing native plugins compatible for Editor in 103.51 ms, found 0 plugins.
Preloading 0 native plugins for Editor in 0.00 ms.
Find all reader and writers took 306 milliseconds
Script Module: UnityEngine.UI.dll
Weave behaviours and messages took331 milliseconds
Find all reader and writers took 226 milliseconds
Script Module: Unity.RenderPipelines.Core.Runtime.dll
Weave behaviours and messages took258 milliseconds
Find all reader and writers took 305 milliseconds
Script Module: Unity.InputSystem.dll
Weave behaviours and messages took851 milliseconds
Find all reader and writers took 226 milliseconds
Script Module: Unity.Mathematics.dll
Weave behaviours and messages took692 milliseconds
Find all reader and writers took 149 milliseconds
Script Module: SimpleWebTransport.dll
Weave behaviours and messages took25 milliseconds
Find all reader and writers took 237 milliseconds
Script Module: Unity.RenderPipelines.Universal.Runtime.dll
Weave behaviours and messages took237 milliseconds
Find all reader and writers took 159 milliseconds
Script Module: kcp2k.dll
Weave behaviours and messages took14 milliseconds
Find all reader and writers took 163 milliseconds
Script Module: Telepathy.dll
Weave behaviours and messages took8 milliseconds
Find all reader and writers took 185 milliseconds
Script Module: Mirror.Cloud.dll
Weave behaviours and messages took0 milliseconds
Find all reader and writers took 151 milliseconds
Script Module: Unity.RenderPipelines.Core.ShaderLibrary.dll
Weave behaviours and messages took0 milliseconds
Find all reader and writers took 196 milliseconds
Script Module: Unity.RenderPipelines.Universal.Shaders.dll
Weave behaviours and messages took0 milliseconds
Find all reader and writers took 311 milliseconds
Script Module: Unity.RenderPipelines.ShaderGraph.ShaderGraphLibrary.dll
Weave behaviours and messages took0 milliseconds
Find all reader and writers took 178 milliseconds
Script Module: Unity.RenderPipeline.Universal.ShaderLibrary.dll
Weave behaviours and messages took0 milliseconds
Find all reader and writers took 210 milliseconds
Script Module: UnityEditor.UI.dll
Weave behaviours and messages took42 milliseconds
Find all reader and writers took 161 milliseconds
Script Module: Unity.ShaderGraph.Utilities.dll
Weave behaviours and messages took0 milliseconds
Find all reader and writers took 162 milliseconds
Script Module: Mirror.CompilerSymbols.dll
Weave behaviours and messages took0 milliseconds
Mono: successfully reloaded assembly
- Completed reload, in 14.337 seconds
Platform modules already initialized, skipping
========================================================================
Worker process is ready to serve import requests
Shader 'Universal Render Pipeline/Particles/Lit': fallback shader 'Universal Render Pipeline/Particles/SimpleLit' not found
Launched and connected shader compiler UnityShaderCompiler.exe after 0.06 seconds
Refreshing native plugins compatible for Editor in 1.73 ms, found 0 plugins.
Preloading 0 native plugins for Editor in 0.00 ms.
Unloading 2104 Unused Serialized files (Serialized files now loaded: 0)
System memory in use before: 113.8 MB.
System memory in use after: 113.6 MB.

Unloading 11 unused Assets to reduce memory usage. Loaded Objects now: 2540.
Total: 5.483100 ms (FindLiveObjects: 0.265300 ms CreateObjectMapping: 0.058300 ms MarkObjects: 4.804000 ms  DeleteObjects: 0.353400 ms)

========================================================================
Received Import Request.
  path: Assets/Scripts/Catch_Tail Track/Track.cs
  artifactKey: Guid(c82f77277251d0f4f9a4c4c00b29a8df) Importer(815301076,1909f56bfc062723c751e8b465ee728b)
Start importing Assets/Scripts/Catch_Tail Track/Track.cs using Guid(c82f77277251d0f4f9a4c4c00b29a8df) Importer(815301076,1909f56bfc062723c751e8b465ee728b)  -> (artifact id: '3d33ed496cf315e2126cb2d7a9fd4314') in 0.040364 seconds
  Import took 0.045688 seconds .

========================================================================
Received Import Request.
  Time since last request: 2160.988528 seconds.
  path: Assets/Simple Character Pack/Demo/Character Previewer Demo/LightingData.asset
  artifactKey: Guid(a6541c91630cb7246b87ff5876fdba5f) Importer(815301076,1909f56bfc062723c751e8b465ee728b)
Start importing Assets/Simple Character Pack/Demo/Character Previewer Demo/LightingData.asset using Guid(a6541c91630cb7246b87ff5876fdba5f) Importer(815301076,1909f56bfc062723c751e8b465ee728b) Lighting data asset ‘LightingData’ is incompatible with the current Unity version. Please use Generate Lighting to rebuild the lighting data.  Realtime Global Illumination cannot be used until the lighting data is rebuilt.

 -> (artifact id: 'f402fa1ad7bcceafdf45a1dbbd4f4561') in 0.016119 seconds
  Import took 0.021149 seconds .

========================================================================
Received Import Request.
  Time since last request: 0.000234 seconds.
  path: Assets/Simple Character Pack/Demo/Character Previewer Demo/ReflectionProbe-0.exr
  artifactKey: Guid(c51eca87f4ee2834dac7437873d1300d) Importer(815301076,1909f56bfc062723c751e8b465ee728b)
Start importing Assets/Simple Character Pack/Demo/Character Previewer Demo/ReflectionProbe-0.exr using Guid(c51eca87f4ee2834dac7437873d1300d) Importer(815301076,1909f56bfc062723c751e8b465ee728b)  -> (artifact id: 'ebb1b2491e18db1c6a63fbba6447b833') in 0.099326 seconds
  Import took 0.103420 seconds .

========================================================================
Received Import Request.
  Time since last request: 0.000238 seconds.
  path: Assets/Simple Character Pack/Demo/Character Previewer Demo/LightingData.asset
  artifactKey: Guid(a6541c91630cb7246b87ff5876fdba5f) Importer(815301076,1909f56bfc062723c751e8b465ee728b)
Start importing Assets/Simple Character Pack/Demo/Character Previewer Demo/LightingData.asset using Guid(a6541c91630cb7246b87ff5876fdba5f) Importer(815301076,1909f56bfc062723c751e8b465ee728b) Lighting data asset ‘LightingData’ is incompatible with the current Unity version. Please use Generate Lighting to rebuild the lighting data.  Realtime Global Illumination cannot be used until the lighting data is rebuilt.

 -> (artifact id: 'f402fa1ad7bcceafdf45a1dbbd4f4561') in 0.003677 seconds
  Import took 0.007559 seconds .

========================================================================
Received Import Request.
  Time since last request: 5.110404 seconds.
  path: Assets/Scenes/CatchTail/catchTail.unity
  artifactKey: Guid(3fcdc066094bb0349a400e6b1f3be8e7) Importer(815301076,1909f56bfc062723c751e8b465ee728b)
Start importing Assets/Scenes/CatchTail/catchTail.unity using Guid(3fcdc066094bb0349a400e6b1f3be8e7) Importer(815301076,1909f56bfc062723c751e8b465ee728b)  -> (artifact id: 'b4904bd8f3e8fd36fb17aef66518524f') in 0.003259 seconds
  Import took 0.007295 seconds .

========================================================================
Received Import Request.
  Time since last request: 125.877260 seconds.
  path: Assets/Prefab/PlayerProjectile.prefab
  artifactKey: Guid(4c5dc27a167757b42894a1bff1c38070) Importer(815301076,1909f56bfc062723c751e8b465ee728b)
Start importing Assets/Prefab/PlayerProjectile.prefab using Guid(4c5dc27a167757b42894a1bff1c38070) Importer(815301076,1909f56bfc062723c751e8b465ee728b)  -> (artifact id: '6a719938fd44ca0dfa2fcd92bb2b1a3e') in 0.020268 seconds
  Import took 0.025688 seconds .

========================================================================
Received Import Request.
  Time since last request: 0.000334 seconds.
  path: Assets/Prefab/Star Sparrow 01.prefab
  artifactKey: Guid(69bf9c8dfe6a9e5479d5093236b17108) Importer(815301076,1909f56bfc062723c751e8b465ee728b)
Start importing Assets/Prefab/Star Sparrow 01.prefab using Guid(69bf9c8dfe6a9e5479d5093236b17108) Importer(815301076,1909f56bfc062723c751e8b465ee728b)  -> (artifact id: '582d8b4aa27ff4c6c277d569e4929e45') in 0.295648 seconds
  Import took 0.302841 seconds .

========================================================================
Received Import Request.
  Time since last request: 1.150678 seconds.
  path: Assets/Scripts/Catch_Tail Track
  artifactKey: Guid(206f5912eb676f74dbe7a36b4e3d2112) Importer(815301076,1909f56bfc062723c751e8b465ee728b)
Start importing Assets/Scripts/Catch_Tail Track using Guid(206f5912eb676f74dbe7a36b4e3d2112) Importer(815301076,1909f56bfc062723c751e8b465ee728b)  -> (artifact id: 'a1ab7fa913279b1504212391102e67a5') in 0.003279 seconds
  Import took 0.007452 seconds .

========================================================================
Received Prepare
Registering precompiled user dll's ...
Registered in 0.003506 seconds.
Begin MonoManager ReloadAssembly
Native extension for WindowsStandalone target not found
Refreshing native plugins compatible for Editor in 1.01 ms, found 0 plugins.
Preloading 0 native plugins for Editor in 0.00 ms.
Mono: successfully reloaded assembly
- Completed reload, in  1.429 seconds
Platform modules already initialized, skipping
Shader 'Universal Render Pipeline/Particles/Lit': fallback shader 'Universal Render Pipeline/Particles/SimpleLit' not found
Refreshing native plugins compatible for Editor in 1.35 ms, found 0 plugins.
Preloading 0 native plugins for Editor in 0.00 ms.
Unloading 1989 Unused Serialized files (Serialized files now loaded: 0)
System memory in use before: 111.8 MB.
System memory in use after: 111.6 MB.

Unloading 7 unused Assets to reduce memory usage. Loaded Objects now: 2610.
Total: 3.135400 ms (FindLiveObjects: 0.272500 ms CreateObjectMapping: 0.062300 ms MarkObjects: 2.472800 ms  DeleteObjects: 0.325700 ms)

AssetImportWorkerClient::OnTransportError - code=2 error=End of file
