Using pre-set license
Built from '2020.3/china_unity/release' branch; Version is '2020.3.6f1c1 (c884b0ebb9b3) revision 13141168'; Using compiler version '192528614'; Build Type 'Release'
OS: 'Windows 10 Home China; OS build 19042.985; Version 2009; 64bit' Language: 'zh' Physical Memory: 16242 MB
BatchMode: 1, IsHumanControllingUs: 0, StartBugReporterOnCrash: 0, Is64bit: 1, IsPro: 0

 COMMAND LINE ARGUMENTS:
E:\unity hub\Unity\Editor\Unity.exe
-adb2
-batchMode
-noUpm
-name
AssetImportWorker0
-projectPath
E:/unityProject/Fall-Guys/fall_guys_2D
-logFile
Logs/AssetImportWorker0.log
-srvPort
4983
Successfully changed project path to: E:/unityProject/Fall-Guys/fall_guys_2D
E:/unityProject/Fall-Guys/fall_guys_2D
Using Asset Import Pipeline V2.
Refreshing native plugins compatible for Editor in 58.29 ms, found 1 plugins.
Preloading 0 native plugins for Editor in 0.00 ms.
Initialize engine version: 2020.3.6f1c1 (c884b0ebb9b3)
[Subsystems] Discovering subsystems at path E:/unity hub/Unity/Editor/Data/Resources/UnitySubsystems
[Subsystems] Discovering subsystems at path E:/unityProject/Fall-Guys/fall_guys_2D/Assets
GfxDevice: creating device client; threaded=0
Direct3D:
    Version:  Direct3D 11.0 [level 11.1]
    Renderer: NVIDIA GeForce GTX 1650 (ID=0x1f91)
    Vendor:   
    VRAM:     3962 MB
    Driver:   27.21.14.6192
Initialize mono
Mono path[0] = 'E:/unity hub/Unity/Editor/Data/Managed'
Mono path[1] = 'E:/unity hub/Unity/Editor/Data/MonoBleedingEdge/lib/mono/unityjit'
Mono config path = 'E:/unity hub/Unity/Editor/Data/MonoBleedingEdge/etc'
Using monoOptions --debugger-agent=transport=dt_socket,embedding=1,server=y,suspend=n,address=127.0.0.1:56408
Begin MonoManager ReloadAssembly
Registering precompiled unity dll's ...
Register platform support module: E:/unity hub/Unity/Editor/Data/PlaybackEngines/WindowsStandaloneSupport/UnityEditor.WindowsStandalone.Extensions.dll
Registered in 0.001681 seconds.
Native extension for WindowsStandalone target not found
Refreshing native plugins compatible for Editor in 41.22 ms, found 1 plugins.
Preloading 0 native plugins for Editor in 0.00 ms.
Mono: successfully reloaded assembly
- Completed reload, in  0.871 seconds
Platform modules already initialized, skipping
Registering precompiled user dll's ...
Registered in 0.000669 seconds.
Begin MonoManager ReloadAssembly
Native extension for WindowsStandalone target not found
Refreshing native plugins compatible for Editor in 43.24 ms, found 1 plugins.
Preloading 0 native plugins for Editor in 0.00 ms.
Mono: successfully reloaded assembly
- Completed reload, in  1.125 seconds
Platform modules already initialized, skipping
========================================================================
Worker process is ready to serve import requests
Launched and connected shader compiler UnityShaderCompiler.exe after 0.06 seconds
Refreshing native plugins compatible for Editor in 0.93 ms, found 1 plugins.
Preloading 0 native plugins for Editor in 0.00 ms.
Unloading 1808 Unused Serialized files (Serialized files now loaded: 0)
System memory in use before: 84.8 MB.
System memory in use after: 84.9 MB.

Unloading 19 unused Assets to reduce memory usage. Loaded Objects now: 2255.
Total: 4.005700 ms (FindLiveObjects: 0.193800 ms CreateObjectMapping: 0.060200 ms MarkObjects: 3.653900 ms  DeleteObjects: 0.096200 ms)

========================================================================
Received Import Request.
  path: Assets/Scenes
  artifactKey: Guid(75ae8577916ba8245949c23529759502) Importer(815301076,1909f56bfc062723c751e8b465ee728b)
Start importing Assets/Scenes using Guid(75ae8577916ba8245949c23529759502) Importer(815301076,1909f56bfc062723c751e8b465ee728b)  -> (artifact id: '59dabec4823e576e200fbb1785a5e0c6') in 0.008042 seconds
  Import took 0.011378 seconds .

